[1005/140754.158:ERROR:settings.cc(320)] Settings magic is not 1129342067
[1006/151919.597:ERROR:settings.cc(320)] Settings magic is not 1129342067
[1006/171051.650:ERROR:settings.cc(320)] Settings magic is not 1129342067
[1006/224845.980:ERROR:settings.cc(320)] Settings magic is not 1129342067
[1009/132509.521:ERROR:settings.cc(320)] Settings magic is not 1129342067
[1009/133542.967:ERROR:directory_reader_win.cc(43)] FindFirstFile: The system cannot find the path specified. (0x3)
[1009/155641.134:ERROR:directory_reader_win.cc(43)] FindFirstFile: The system cannot find the path specified. (0x3)
[1009/185211.401:ERROR:process_info.cc(118)] ReadProcessMemory bool __cdecl crashpad::(anonymous namespace)::ReadStruct(HANDLE, crashpad::WinVMAddress, T *) [T = crashpad::process_types::PEB<crashpad::process_types::internal::Traits64>]: Only part of a ReadProcessMemory or WriteProcessMemory request was completed. (0x12B)
[1009/185211.401:ERROR:process_info.cc(551)] ReadProcessData failed
[1009/185211.401:ERROR:scoped_process_suspend.cc(40)] NtResumeProcess: An attempt was made to access an exiting process. (0xc000010a)
[1009/221801.416:ERROR:directory_reader_win.cc(43)] FindFirstFile: The system cannot find the path specified. (0x3)
[1010/005017.178:ERROR:crash_report_database_win.cc(457)] unexpected header
[1010/010017.179:ERROR:crash_report_database_win.cc(457)] unexpected header
[1010/010017.180:ERROR:filesystem_win.cc(129)] GetFileAttributes C:\Users\S.P\AppData\Local\Google\Chrome\User Data\Crashpad\attachments\62b2a882-746f-4f07-85f8-70af217c5f20: The system cannot find the path specified. (0x3)
[1010/010017.181:ERROR:filesystem_win.cc(129)] GetFileAttributes C:\Users\S.P\AppData\Local\Google\Chrome\User Data\Crashpad\attachments\955adc82-2b26-41fc-9d65-6d9a0b1d0f1f: The system cannot find the path specified. (0x3)
[1010/010017.181:ERROR:filesystem_win.cc(129)] GetFileAttributes C:\Users\S.P\AppData\Local\Google\Chrome\User Data\Crashpad\attachments\dc49e748-9607-473d-b7dd-ac1710bf328c: The system cannot find the path specified. (0x3)
[1010/010017.182:ERROR:filesystem_win.cc(129)] GetFileAttributes C:\Users\S.P\AppData\Local\Google\Chrome\User Data\Crashpad\attachments\df4bc1a5-61b0-4f20-ab52-691746f5af87: The system cannot find the path specified. (0x3)
[1010/010017.182:ERROR:directory_reader_win.cc(43)] FindFirstFile: The system cannot find the path specified. (0x3)
[1010/010017.182:ERROR:crash_report_database_win.cc(457)] unexpected header
[1010/010017.182:ERROR:crash_report_database_win.cc(457)] unexpected header
[1010/010517.183:ERROR:crash_report_database_win.cc(457)] unexpected header
[1010/013748.030:ERROR:crash_report_database_win.cc(457)] unexpected header
[1010/013954.914:ERROR:crash_report_database_win.cc(457)] unexpected header
[1010/014954.915:ERROR:crash_report_database_win.cc(457)] unexpected header
[1010/014954.915:ERROR:directory_reader_win.cc(43)] FindFirstFile: The system cannot find the path specified. (0x3)
[1010/014954.915:ERROR:crash_report_database_win.cc(457)] unexpected header
[1010/014954.915:ERROR:crash_report_database_win.cc(457)] unexpected header
[1010/141749.041:ERROR:directory_reader_win.cc(43)] FindFirstFile: The system cannot find the path specified. (0x3)
[1011/134656.427:ERROR:directory_reader_win.cc(43)] FindFirstFile: The system cannot find the path specified. (0x3)
[1011/163724.307:ERROR:directory_reader_win.cc(43)] FindFirstFile: The system cannot find the path specified. (0x3)
[1012/161253.854:ERROR:directory_reader_win.cc(43)] FindFirstFile: The system cannot find the path specified. (0x3)
[1013/015043.081:ERROR:filesystem_win.cc(129)] GetFileAttributes C:\Users\S.P\AppData\Local\Google\Chrome\User Data\Crashpad\attachments\565e762a-5096-4676-91ea-dc50c6dd70ff: The system cannot find the path specified. (0x3)
[1013/015043.088:ERROR:directory_reader_win.cc(43)] FindFirstFile: The system cannot find the path specified. (0x3)
[1013/031034.871:ERROR:filesystem_win.cc(129)] GetFileAttributes C:\Users\S.P\AppData\Local\Google\Chrome\User Data\Crashpad\attachments\75d292bc-acb7-43fc-848e-0c2cc9b11685: The system cannot find the path specified. (0x3)
[1013/183209.325:ERROR:directory_reader_win.cc(43)] FindFirstFile: The system cannot find the path specified. (0x3)
[1013/224631.896:ERROR:directory_reader_win.cc(43)] FindFirstFile: The system cannot find the path specified. (0x3)
[1014/122930.519:ERROR:directory_reader_win.cc(43)] FindFirstFile: The system cannot find the path specified. (0x3)
[1014/134248.439:ERROR:settings.cc(320)] Settings magic is not 1129342067
[1014/135248.444:ERROR:directory_reader_win.cc(43)] FindFirstFile: The system cannot find the path specified. (0x3)
[1014/152122.003:ERROR:settings.cc(320)] Settings magic is not 1129342067
[1014/153122.045:ERROR:directory_reader_win.cc(43)] FindFirstFile: The system cannot find the path specified. (0x3)
[1014/155538.330:ERROR:directory_reader_win.cc(43)] FindFirstFile: The system cannot find the path specified. (0x3)
[1014/162027.139:ERROR:directory_reader_win.cc(43)] FindFirstFile: The system cannot find the path specified. (0x3)
[1014/164730.453:ERROR:directory_reader_win.cc(43)] FindFirstFile: The system cannot find the path specified. (0x3)
[1014/165939.032:ERROR:directory_reader_win.cc(43)] FindFirstFile: The system cannot find the path specified. (0x3)
[1014/173045.389:ERROR:directory_reader_win.cc(43)] FindFirstFile: The system cannot find the path specified. (0x3)
[1014/225016.370:ERROR:directory_reader_win.cc(43)] FindFirstFile: The system cannot find the path specified. (0x3)
[1015/000813.638:ERROR:directory_reader_win.cc(43)] FindFirstFile: The system cannot find the path specified. (0x3)
[1015/005623.253:ERROR:directory_reader_win.cc(43)] FindFirstFile: The system cannot find the path specified. (0x3)
[1015/020048.139:ERROR:directory_reader_win.cc(43)] FindFirstFile: The system cannot find the path specified. (0x3)
[1015/124024.183:ERROR:directory_reader_win.cc(43)] FindFirstFile: The system cannot find the path specified. (0x3)
[1015/212259.548:ERROR:directory_reader_win.cc(43)] FindFirstFile: The system cannot find the path specified. (0x3)
[1016/003516.743:ERROR:directory_reader_win.cc(43)] FindFirstFile: The system cannot find the path specified. (0x3)
[1016/110820.353:ERROR:directory_reader_win.cc(43)] FindFirstFile: The system cannot find the path specified. (0x3)
[1017/000406.687:ERROR:directory_reader_win.cc(43)] FindFirstFile: The system cannot find the path specified. (0x3)
[1017/023141.872:ERROR:settings.cc(320)] Settings magic is not 1129342067
[1018/000519.665:ERROR:directory_reader_win.cc(43)] FindFirstFile: The system cannot find the path specified. (0x3)
[1018/135143.011:ERROR:directory_reader_win.cc(43)] FindFirstFile: The system cannot find the path specified. (0x3)
[1019/001110.808:ERROR:directory_reader_win.cc(43)] FindFirstFile: The system cannot find the path specified. (0x3)
[1019/140248.585:ERROR:settings.cc(320)] Settings magic is not 1129342067
[1019/141248.613:ERROR:directory_reader_win.cc(43)] FindFirstFile: The system cannot find the path specified. (0x3)
[1021/024220.691:ERROR:directory_reader_win.cc(43)] FindFirstFile: The system cannot find the path specified. (0x3)
[1022/191803.440:ERROR:directory_reader_win.cc(43)] FindFirstFile: The system cannot find the path specified. (0x3)
[1022/223622.041:ERROR:directory_reader_win.cc(43)] FindFirstFile: The system cannot find the path specified. (0x3)
[1023/122529.058:ERROR:directory_reader_win.cc(43)] FindFirstFile: The system cannot find the path specified. (0x3)
[1023/125104.978:ERROR:directory_reader_win.cc(43)] FindFirstFile: The system cannot find the path specified. (0x3)
[1023/150507.109:ERROR:directory_reader_win.cc(43)] FindFirstFile: The system cannot find the path specified. (0x3)
[1023/155544.769:ERROR:directory_reader_win.cc(43)] FindFirstFile: The system cannot find the path specified. (0x3)
[1023/213340.557:ERROR:directory_reader_win.cc(43)] FindFirstFile: The system cannot find the path specified. (0x3)
[1024/150343.076:ERROR:directory_reader_win.cc(43)] FindFirstFile: The system cannot find the path specified. (0x3)
[1024/221411.027:ERROR:directory_reader_win.cc(43)] FindFirstFile: The system cannot find the path specified. (0x3)
[1024/225113.967:ERROR:directory_reader_win.cc(43)] FindFirstFile: The system cannot find the path specified. (0x3)
[1025/001131.219:ERROR:directory_reader_win.cc(43)] FindFirstFile: The system cannot find the path specified. (0x3)
[1025/135432.961:ERROR:directory_reader_win.cc(43)] FindFirstFile: The system cannot find the path specified. (0x3)
[1025/154914.762:ERROR:filesystem_win.cc(129)] GetFileAttributes C:\Users\S.P\AppData\Local\Google\Chrome\User Data\Crashpad\attachments\eadc3793-8bda-42ba-8930-c3d1ff12167d: The system cannot find the path specified. (0x3)
[1025/210013.111:ERROR:directory_reader_win.cc(43)] FindFirstFile: The system cannot find the path specified. (0x3)
[1025/232522.757:ERROR:directory_reader_win.cc(43)] FindFirstFile: The system cannot find the path specified. (0x3)
[1026/105107.322:ERROR:directory_reader_win.cc(43)] FindFirstFile: The system cannot find the path specified. (0x3)
[1026/125433.750:ERROR:directory_reader_win.cc(43)] FindFirstFile: The system cannot find the path specified. (0x3)
[1026/145308.896:ERROR:settings.cc(320)] Settings magic is not 1129342067
[1026/150308.945:ERROR:directory_reader_win.cc(43)] FindFirstFile: The system cannot find the path specified. (0x3)
[1026/224558.529:ERROR:directory_reader_win.cc(43)] FindFirstFile: The system cannot find the path specified. (0x3)
[1027/010052.867:ERROR:directory_reader_win.cc(43)] FindFirstFile: The system cannot find the path specified. (0x3)
[1027/223659.819:ERROR:directory_reader_win.cc(43)] FindFirstFile: The system cannot find the path specified. (0x3)
[1028/125847.224:ERROR:directory_reader_win.cc(43)] FindFirstFile: The system cannot find the path specified. (0x3)
[1028/134235.678:ERROR:process_memory_win.cc(73)] ReadMemory at 0x3729df1000 of 61440 bytes failed: Only part of a ReadProcessMemory or WriteProcessMemory request was completed. (0x12B)
[1028/134235.749:ERROR:process_memory_win.cc(73)] ReadMemory at 0x372a5fe000 of 8192 bytes failed: Only part of a ReadProcessMemory or WriteProcessMemory request was completed. (0x12B)
[1028/134235.749:ERROR:process_memory_win.cc(73)] ReadMemory at 0x372adfe000 of 8192 bytes failed: Only part of a ReadProcessMemory or WriteProcessMemory request was completed. (0x12B)
[1028/134235.749:ERROR:process_memory_win.cc(73)] ReadMemory at 0x372b5fe000 of 8192 bytes failed: Only part of a ReadProcessMemory or WriteProcessMemory request was completed. (0x12B)
[1028/134235.750:ERROR:process_memory_win.cc(73)] ReadMemory at 0x372bdfd000 of 12288 bytes failed: Only part of a ReadProcessMemory or WriteProcessMemory request was completed. (0x12B)
[1028/134235.750:ERROR:process_memory_win.cc(73)] ReadMemory at 0x372c5ff000 of 4096 bytes failed: Only part of a ReadProcessMemory or WriteProcessMemory request was completed. (0x12B)
[1028/134235.750:ERROR:process_memory_win.cc(73)] ReadMemory at 0x372cdfe000 of 8192 bytes failed: Only part of a ReadProcessMemory or WriteProcessMemory request was completed. (0x12B)
[1028/134235.750:ERROR:process_memory_win.cc(73)] ReadMemory at 0x372d5fd000 of 12288 bytes failed: Only part of a ReadProcessMemory or WriteProcessMemory request was completed. (0x12B)
[1028/134235.750:ERROR:process_memory_win.cc(73)] ReadMemory at 0x372e5fe000 of 8192 bytes failed: Only part of a ReadProcessMemory or WriteProcessMemory request was completed. (0x12B)
[1028/134235.750:ERROR:process_memory_win.cc(73)] ReadMemory at 0x372edfe000 of 8192 bytes failed: Only part of a ReadProcessMemory or WriteProcessMemory request was completed. (0x12B)
[1028/134235.750:ERROR:process_memory_win.cc(73)] ReadMemory at 0x372f5fe000 of 8192 bytes failed: Only part of a ReadProcessMemory or WriteProcessMemory request was completed. (0x12B)
[1028/134235.750:ERROR:process_memory_win.cc(73)] ReadMemory at 0x372fdfe000 of 8192 bytes failed: Only part of a ReadProcessMemory or WriteProcessMemory request was completed. (0x12B)
[1028/134235.750:ERROR:process_memory_win.cc(73)] ReadMemory at 0x372ddfe000 of 8192 bytes failed: Only part of a ReadProcessMemory or WriteProcessMemory request was completed. (0x12B)
[1028/134235.750:ERROR:process_memory_win.cc(73)] ReadMemory at 0x3729588000 of 852 bytes failed: Only part of a ReadProcessMemory or WriteProcessMemory request was completed. (0x12B)
[1028/134235.750:ERROR:process_memory_win.cc(73)] ReadMemory at 0x3729589000 of 6024 bytes failed: Only part of a ReadProcessMemory or WriteProcessMemory request was completed. (0x12B)
[1028/134235.750:ERROR:process_memory_win.cc(73)] ReadMemory at 0x372958b000 of 6024 bytes failed: Only part of a ReadProcessMemory or WriteProcessMemory request was completed. (0x12B)
[1028/134235.751:ERROR:process_memory_win.cc(73)] ReadMemory at 0x372958d000 of 6024 bytes failed: Only part of a ReadProcessMemory or WriteProcessMemory request was completed. (0x12B)
[1028/134235.751:ERROR:process_memory_win.cc(73)] ReadMemory at 0x372958f000 of 6024 bytes failed: Only part of a ReadProcessMemory or WriteProcessMemory request was completed. (0x12B)
[1028/134235.751:ERROR:process_memory_win.cc(73)] ReadMemory at 0x3729591000 of 6024 bytes failed: Only part of a ReadProcessMemory or WriteProcessMemory request was completed. (0x12B)
[1028/134235.751:ERROR:process_memory_win.cc(73)] ReadMemory at 0x3729593000 of 6024 bytes failed: Only part of a ReadProcessMemory or WriteProcessMemory request was completed. (0x12B)
[1028/134235.751:ERROR:process_memory_win.cc(73)] ReadMemory at 0x3729595000 of 6024 bytes failed: Only part of a ReadProcessMemory or WriteProcessMemory request was completed. (0x12B)
[1028/134235.751:ERROR:process_memory_win.cc(73)] ReadMemory at 0x3729597000 of 6024 bytes failed: Only part of a ReadProcessMemory or WriteProcessMemory request was completed. (0x12B)
[1028/134235.751:ERROR:process_memory_win.cc(73)] ReadMemory at 0x372959b000 of 6024 bytes failed: Only part of a ReadProcessMemory or WriteProcessMemory request was completed. (0x12B)
[1028/134235.751:ERROR:process_memory_win.cc(73)] ReadMemory at 0x372959d000 of 6024 bytes failed: Only part of a ReadProcessMemory or WriteProcessMemory request was completed. (0x12B)
[1028/134235.751:ERROR:process_memory_win.cc(73)] ReadMemory at 0x372959f000 of 6024 bytes failed: Only part of a ReadProcessMemory or WriteProcessMemory request was completed. (0x12B)
[1028/134235.751:ERROR:process_memory_win.cc(73)] ReadMemory at 0x37295a1000 of 6024 bytes failed: Only part of a ReadProcessMemory or WriteProcessMemory request was completed. (0x12B)
[1028/134235.751:ERROR:process_memory_win.cc(73)] ReadMemory at 0x37295a5000 of 6024 bytes failed: Only part of a ReadProcessMemory or WriteProcessMemory request was completed. (0x12B)
[1028/134235.752:ERROR:process_memory_win.cc(73)] ReadMemory at 0x13ee0c40fe0 of 3618 bytes failed: Only part of a ReadProcessMemory or WriteProcessMemory request was completed. (0x12B)
[1028/134235.752:ERROR:process_memory_win.cc(73)] ReadMemory at 0x13ee0c41e10 of 1012 bytes failed: Only part of a ReadProcessMemory or WriteProcessMemory request was completed. (0x12B)
[1028/134235.752:ERROR:process_memory_win.cc(73)] ReadMemory at 0x13ee0c42458 of 106 bytes failed: Only part of a ReadProcessMemory or WriteProcessMemory request was completed. (0x12B)
[1028/134235.752:ERROR:process_memory_win.cc(73)] ReadMemory at 0x13ee0c424c4 of 698 bytes failed: Only part of a ReadProcessMemory or WriteProcessMemory request was completed. (0x12B)
[1028/134235.752:ERROR:process_memory_win.cc(73)] ReadMemory at 0x13ee0c42780 of 106 bytes failed: Only part of a ReadProcessMemory or WriteProcessMemory request was completed. (0x12B)
[1028/134235.752:ERROR:process_memory_win.cc(73)] ReadMemory at 0x13ee0c427ec of 96 bytes failed: Only part of a ReadProcessMemory or WriteProcessMemory request was completed. (0x12B)
[1028/134235.752:ERROR:process_memory_win.cc(73)] ReadMemory at 0x13ee0c42860 of 58 bytes failed: Only part of a ReadProcessMemory or WriteProcessMemory request was completed. (0x12B)
[1028/134235.752:ERROR:process_memory_win.cc(73)] ReadMemory at 0x13ee0c42960 of 132 bytes failed: Only part of a ReadProcessMemory or WriteProcessMemory request was completed. (0x12B)
[1028/134235.752:ERROR:process_memory_win.cc(73)] ReadMemory at 0x13ee0c42af0 of 132 bytes failed: Only part of a ReadProcessMemory or WriteProcessMemory request was completed. (0x12B)
[1028/134235.752:ERROR:process_memory_win.cc(73)] ReadMemory at 0x13ee0c42cb0 of 114 bytes failed: Only part of a ReadProcessMemory or WriteProcessMemory request was completed. (0x12B)
[1028/134235.752:ERROR:process_memory_win.cc(73)] ReadMemory at 0x13ee0c431b0 of 132 bytes failed: Only part of a ReadProcessMemory or WriteProcessMemory request was completed. (0x12B)
[1028/134235.752:ERROR:process_memory_win.cc(73)] ReadMemory at 0x13ee0c43340 of 64 bytes failed: Only part of a ReadProcessMemory or WriteProcessMemory request was completed. (0x12B)
[1028/134235.752:ERROR:process_memory_win.cc(73)] ReadMemory at 0x13ee0c434f0 of 132 bytes failed: Only part of a ReadProcessMemory or WriteProcessMemory request was completed. (0x12B)
[1028/134235.752:ERROR:process_memory_win.cc(73)] ReadMemory at 0x13ee0c437a0 of 132 bytes failed: Only part of a ReadProcessMemory or WriteProcessMemory request was completed. (0x12B)
[1028/134235.753:ERROR:process_memory_win.cc(73)] ReadMemory at 0x13ee0c43930 of 68 bytes failed: Only part of a ReadProcessMemory or WriteProcessMemory request was completed. (0x12B)
[1028/134235.753:ERROR:process_memory_win.cc(73)] ReadMemory at 0x13ee0c449e0 of 132 bytes failed: Only part of a ReadProcessMemory or WriteProcessMemory request was completed. (0x12B)
[1028/134235.753:ERROR:process_memory_win.cc(73)] ReadMemory at 0x13ee0c44b10 of 142 bytes failed: Only part of a ReadProcessMemory or WriteProcessMemory request was completed. (0x12B)
[1028/134235.753:ERROR:process_memory_win.cc(73)] ReadMemory at 0x13ee0c451f0 of 62 bytes failed: Only part of a ReadProcessMemory or WriteProcessMemory request was completed. (0x12B)
[1028/134235.753:ERROR:process_memory_win.cc(73)] ReadMemory at 0x13ee0c45d60 of 132 bytes failed: Only part of a ReadProcessMemory or WriteProcessMemory request was completed. (0x12B)
[1028/134235.753:ERROR:process_memory_win.cc(73)] ReadMemory at 0x13ee0c45e90 of 60 bytes failed: Only part of a ReadProcessMemory or WriteProcessMemory request was completed. (0x12B)
[1028/134235.753:ERROR:process_memory_win.cc(73)] ReadMemory at 0x13ee0c4d290 of 62 bytes failed: Only part of a ReadProcessMemory or WriteProcessMemory request was completed. (0x12B)
[1028/134235.753:ERROR:process_memory_win.cc(73)] ReadMemory at 0x13ee0c4d2e0 of 60 bytes failed: Only part of a ReadProcessMemory or WriteProcessMemory request was completed. (0x12B)
[1028/134235.753:ERROR:process_memory_win.cc(73)] ReadMemory at 0x13ee0c4d380 of 64 bytes failed: Only part of a ReadProcessMemory or WriteProcessMemory request was completed. (0x12B)
[1028/134235.753:ERROR:process_memory_win.cc(73)] ReadMemory at 0x13ee0c50010 of 76 bytes failed: Only part of a ReadProcessMemory or WriteProcessMemory request was completed. (0x12B)
[1028/134235.753:ERROR:process_memory_win.cc(73)] ReadMemory at 0x13ee0c50250 of 80 bytes failed: Only part of a ReadProcessMemory or WriteProcessMemory request was completed. (0x12B)
[1028/134235.753:ERROR:process_memory_win.cc(73)] ReadMemory at 0x13ee0c503d0 of 80 bytes failed: Only part of a ReadProcessMemory or WriteProcessMemory request was completed. (0x12B)
[1028/134235.753:ERROR:process_memory_win.cc(73)] ReadMemory at 0x13ee0c52d90 of 132 bytes failed: Only part of a ReadProcessMemory or WriteProcessMemory request was completed. (0x12B)
[1028/134235.753:ERROR:process_memory_win.cc(73)] ReadMemory at 0x13ee0c52ec0 of 134 bytes failed: Only part of a ReadProcessMemory or WriteProcessMemory request was completed. (0x12B)
[1028/134235.753:ERROR:process_memory_win.cc(73)] ReadMemory at 0x13ee0c53040 of 132 bytes failed: Only part of a ReadProcessMemory or WriteProcessMemory request was completed. (0x12B)
[1028/134235.753:ERROR:process_memory_win.cc(73)] ReadMemory at 0x13ee0c53170 of 132 bytes failed: Only part of a ReadProcessMemory or WriteProcessMemory request was completed. (0x12B)
[1028/134235.754:ERROR:process_memory_win.cc(73)] ReadMemory at 0x13ee0c53590 of 132 bytes failed: Only part of a ReadProcessMemory or WriteProcessMemory request was completed. (0x12B)
[1028/134235.754:ERROR:process_memory_win.cc(73)] ReadMemory at 0x13ee0c53790 of 132 bytes failed: Only part of a ReadProcessMemory or WriteProcessMemory request was completed. (0x12B)
[1028/134235.754:ERROR:process_memory_win.cc(73)] ReadMemory at 0x13ee0c54190 of 62 bytes failed: Only part of a ReadProcessMemory or WriteProcessMemory request was completed. (0x12B)
[1028/134235.754:ERROR:process_memory_win.cc(73)] ReadMemory at 0x13ee0c541e0 of 60 bytes failed: Only part of a ReadProcessMemory or WriteProcessMemory request was completed. (0x12B)
[1028/134235.754:ERROR:process_memory_win.cc(73)] ReadMemory at 0x13ee0c542d0 of 64 bytes failed: Only part of a ReadProcessMemory or WriteProcessMemory request was completed. (0x12B)
[1028/134235.754:ERROR:process_memory_win.cc(73)] ReadMemory at 0x13ee0c543c0 of 60 bytes failed: Only part of a ReadProcessMemory or WriteProcessMemory request was completed. (0x12B)
[1028/134235.754:ERROR:process_memory_win.cc(73)] ReadMemory at 0x13ee0c54460 of 62 bytes failed: Only part of a ReadProcessMemory or WriteProcessMemory request was completed. (0x12B)
[1028/134235.754:ERROR:process_memory_win.cc(73)] ReadMemory at 0x13ee0c54500 of 62 bytes failed: Only part of a ReadProcessMemory or WriteProcessMemory request was completed. (0x12B)
[1028/134235.754:ERROR:process_memory_win.cc(73)] ReadMemory at 0x13ee0c546e0 of 64 bytes failed: Only part of a ReadProcessMemory or WriteProcessMemory request was completed. (0x12B)
[1028/134235.754:ERROR:process_memory_win.cc(73)] ReadMemory at 0x13ee0c54730 of 64 bytes failed: Only part of a ReadProcessMemory or WriteProcessMemory request was completed. (0x12B)
[1028/134235.754:ERROR:process_memory_win.cc(73)] ReadMemory at 0x13ee0c54820 of 60 bytes failed: Only part of a ReadProcessMemory or WriteProcessMemory request was completed. (0x12B)
[1028/134235.754:ERROR:process_memory_win.cc(73)] ReadMemory at 0x13ee0c54870 of 62 bytes failed: Only part of a ReadProcessMemory or WriteProcessMemory request was completed. (0x12B)
[1028/134235.754:ERROR:process_memory_win.cc(73)] ReadMemory at 0x13ee0c54a00 of 64 bytes failed: Only part of a ReadProcessMemory or WriteProcessMemory request was completed. (0x12B)
[1028/134235.754:ERROR:process_memory_win.cc(73)] ReadMemory at 0x13ee0c54b40 of 60 bytes failed: Only part of a ReadProcessMemory or WriteProcessMemory request was completed. (0x12B)
[1028/134235.755:ERROR:process_memory_win.cc(73)] ReadMemory at 0x13ee0c54be0 of 62 bytes failed: Only part of a ReadProcessMemory or WriteProcessMemory request was completed. (0x12B)
[1028/134235.755:ERROR:process_memory_win.cc(73)] ReadMemory at 0x13ee0c54c80 of 60 bytes failed: Only part of a ReadProcessMemory or WriteProcessMemory request was completed. (0x12B)
[1028/134235.755:ERROR:process_memory_win.cc(73)] ReadMemory at 0x13ee0c54cd0 of 64 bytes failed: Only part of a ReadProcessMemory or WriteProcessMemory request was completed. (0x12B)
[1028/134235.755:ERROR:process_memory_win.cc(73)] ReadMemory at 0x13ee0c54d20 of 62 bytes failed: Only part of a ReadProcessMemory or WriteProcessMemory request was completed. (0x12B)
[1028/134235.755:ERROR:process_memory_win.cc(73)] ReadMemory at 0x13ee0c54dc0 of 58 bytes failed: Only part of a ReadProcessMemory or WriteProcessMemory request was completed. (0x12B)
[1028/134235.755:ERROR:process_memory_win.cc(73)] ReadMemory at 0x13ee0c54e10 of 66 bytes failed: Only part of a ReadProcessMemory or WriteProcessMemory request was completed. (0x12B)
[1028/134235.755:ERROR:process_memory_win.cc(73)] ReadMemory at 0x13ee0c54e60 of 62 bytes failed: Only part of a ReadProcessMemory or WriteProcessMemory request was completed. (0x12B)
[1028/134235.755:ERROR:process_memory_win.cc(73)] ReadMemory at 0x13ee0c54eb0 of 62 bytes failed: Only part of a ReadProcessMemory or WriteProcessMemory request was completed. (0x12B)
[1028/134235.755:ERROR:process_memory_win.cc(73)] ReadMemory at 0x13ee0c54f00 of 64 bytes failed: Only part of a ReadProcessMemory or WriteProcessMemory request was completed. (0x12B)
[1028/134235.755:ERROR:process_memory_win.cc(73)] ReadMemory at 0x13ee0c54f50 of 66 bytes failed: Only part of a ReadProcessMemory or WriteProcessMemory request was completed. (0x12B)
[1028/134235.755:ERROR:process_memory_win.cc(73)] ReadMemory at 0x13ee0c55090 of 62 bytes failed: Only part of a ReadProcessMemory or WriteProcessMemory request was completed. (0x12B)
[1028/134235.755:ERROR:process_memory_win.cc(73)] ReadMemory at 0x13ee0c550e0 of 64 bytes failed: Only part of a ReadProcessMemory or WriteProcessMemory request was completed. (0x12B)
[1028/134235.755:ERROR:process_memory_win.cc(73)] ReadMemory at 0x13ee0c57150 of 132 bytes failed: Only part of a ReadProcessMemory or WriteProcessMemory request was completed. (0x12B)
[1028/134235.755:ERROR:process_memory_win.cc(73)] ReadMemory at 0x13ee0c57470 of 132 bytes failed: Only part of a ReadProcessMemory or WriteProcessMemory request was completed. (0x12B)
[1028/134235.755:ERROR:process_memory_win.cc(73)] ReadMemory at 0x13ee0c57690 of 132 bytes failed: Only part of a ReadProcessMemory or WriteProcessMemory request was completed. (0x12B)
[1028/134235.755:ERROR:process_memory_win.cc(73)] ReadMemory at 0x13ee0c57be0 of 132 bytes failed: Only part of a ReadProcessMemory or WriteProcessMemory request was completed. (0x12B)
[1028/134235.756:ERROR:process_memory_win.cc(73)] ReadMemory at 0x13ee0c58650 of 54 bytes failed: Only part of a ReadProcessMemory or WriteProcessMemory request was completed. (0x12B)
[1028/134235.756:ERROR:process_memory_win.cc(73)] ReadMemory at 0x13ee0c5df90 of 132 bytes failed: Only part of a ReadProcessMemory or WriteProcessMemory request was completed. (0x12B)
[1028/134235.756:ERROR:process_memory_win.cc(73)] ReadMemory at 0x13ee0c5e0c0 of 132 bytes failed: Only part of a ReadProcessMemory or WriteProcessMemory request was completed. (0x12B)
[1028/134235.756:ERROR:process_memory_win.cc(73)] ReadMemory at 0x13ee0c5e1f0 of 132 bytes failed: Only part of a ReadProcessMemory or WriteProcessMemory request was completed. (0x12B)
[1028/134235.756:ERROR:process_memory_win.cc(73)] ReadMemory at 0x13ee0c5e450 of 132 bytes failed: Only part of a ReadProcessMemory or WriteProcessMemory request was completed. (0x12B)
[1028/134235.756:ERROR:process_memory_win.cc(73)] ReadMemory at 0x13ee0c5e580 of 132 bytes failed: Only part of a ReadProcessMemory or WriteProcessMemory request was completed. (0x12B)
[1028/134235.756:ERROR:process_memory_win.cc(73)] ReadMemory at 0x13ee0c5e6b0 of 132 bytes failed: Only part of a ReadProcessMemory or WriteProcessMemory request was completed. (0x12B)
[1028/134235.756:ERROR:process_memory_win.cc(73)] ReadMemory at 0x13ee0c5e7e0 of 132 bytes failed: Only part of a ReadProcessMemory or WriteProcessMemory request was completed. (0x12B)
[1028/134235.756:ERROR:process_memory_win.cc(73)] ReadMemory at 0x13ee0c5e910 of 132 bytes failed: Only part of a ReadProcessMemory or WriteProcessMemory request was completed. (0x12B)
[1028/134235.756:ERROR:process_memory_win.cc(73)] ReadMemory at 0x13ee0c5ea40 of 132 bytes failed: Only part of a ReadProcessMemory or WriteProcessMemory request was completed. (0x12B)
[1028/134235.756:ERROR:process_memory_win.cc(73)] ReadMemory at 0x13ee0c5eb70 of 132 bytes failed: Only part of a ReadProcessMemory or WriteProcessMemory request was completed. (0x12B)
[1028/134235.756:ERROR:process_memory_win.cc(73)] ReadMemory at 0x13ee0c5eca0 of 132 bytes failed: Only part of a ReadProcessMemory or WriteProcessMemory request was completed. (0x12B)
[1028/134235.756:ERROR:process_memory_win.cc(73)] ReadMemory at 0x13ee0c5edd0 of 132 bytes failed: Only part of a ReadProcessMemory or WriteProcessMemory request was completed. (0x12B)
[1028/134235.756:ERROR:process_memory_win.cc(73)] ReadMemory at 0x13ee0c5f710 of 132 bytes failed: Only part of a ReadProcessMemory or WriteProcessMemory request was completed. (0x12B)
[1028/134235.756:ERROR:process_memory_win.cc(73)] ReadMemory at 0x13ee0c5f840 of 132 bytes failed: Only part of a ReadProcessMemory or WriteProcessMemory request was completed. (0x12B)
[1028/134235.757:ERROR:process_memory_win.cc(73)] ReadMemory at 0x13ee0c5f970 of 132 bytes failed: Only part of a ReadProcessMemory or WriteProcessMemory request was completed. (0x12B)
[1028/134235.757:ERROR:process_memory_win.cc(73)] ReadMemory at 0x13ee0c5faa0 of 132 bytes failed: Only part of a ReadProcessMemory or WriteProcessMemory request was completed. (0x12B)
[1028/134235.757:ERROR:process_memory_win.cc(73)] ReadMemory at 0x13ee0c5fd00 of 132 bytes failed: Only part of a ReadProcessMemory or WriteProcessMemory request was completed. (0x12B)
[1028/134235.757:ERROR:process_memory_win.cc(73)] ReadMemory at 0x13ee0c5ff60 of 132 bytes failed: Only part of a ReadProcessMemory or WriteProcessMemory request was completed. (0x12B)
[1028/134235.757:ERROR:process_memory_win.cc(73)] ReadMemory at 0x13ee0c607b0 of 132 bytes failed: Only part of a ReadProcessMemory or WriteProcessMemory request was completed. (0x12B)
[1028/134235.757:ERROR:process_memory_win.cc(73)] ReadMemory at 0x13ee0c608e0 of 132 bytes failed: Only part of a ReadProcessMemory or WriteProcessMemory request was completed. (0x12B)
[1028/134235.757:ERROR:process_memory_win.cc(73)] ReadMemory at 0x13ee0c60c70 of 132 bytes failed: Only part of a ReadProcessMemory or WriteProcessMemory request was completed. (0x12B)
[1028/134235.757:ERROR:process_memory_win.cc(73)] ReadMemory at 0x13ee0c60ed0 of 132 bytes failed: Only part of a ReadProcessMemory or WriteProcessMemory request was completed. (0x12B)
[1028/134235.757:ERROR:process_memory_win.cc(73)] ReadMemory at 0x13ee0c61000 of 132 bytes failed: Only part of a ReadProcessMemory or WriteProcessMemory request was completed. (0x12B)
[1028/134235.757:ERROR:process_memory_win.cc(73)] ReadMemory at 0x13ee0caa1a0 of 512 bytes failed: Only part of a ReadProcessMemory or WriteProcessMemory request was completed. (0x12B)
[1028/134235.757:ERROR:process_memory_win.cc(73)] ReadMemory at 0x13ee0caa8a0 of 512 bytes failed: Only part of a ReadProcessMemory or WriteProcessMemory request was completed. (0x12B)
[1028/134235.757:ERROR:process_memory_win.cc(73)] ReadMemory at 0x13ee0caac70 of 512 bytes failed: Only part of a ReadProcessMemory or WriteProcessMemory request was completed. (0x12B)
[1028/134235.757:ERROR:process_memory_win.cc(73)] ReadMemory at 0x13ee0cca6c0 of 512 bytes failed: Only part of a ReadProcessMemory or WriteProcessMemory request was completed. (0x12B)
[1028/134235.758:ERROR:process_memory_win.cc(73)] ReadMemory at 0x13ee0ccc370 of 712 bytes failed: Only part of a ReadProcessMemory or WriteProcessMemory request was completed. (0x12B)
[1028/134235.758:ERROR:process_memory_win.cc(73)] ReadMemory at 0x13ee0cd33b0 of 512 bytes failed: Only part of a ReadProcessMemory or WriteProcessMemory request was completed. (0x12B)
[1028/134235.758:ERROR:process_memory_win.cc(73)] ReadMemory at 0x13ee0cfbb10 of 512 bytes failed: Only part of a ReadProcessMemory or WriteProcessMemory request was completed. (0x12B)
[1028/134235.758:ERROR:process_memory_win.cc(73)] ReadMemory at 0x13ee0d06aa6 of 656 bytes failed: Only part of a ReadProcessMemory or WriteProcessMemory request was completed. (0x12B)
[1028/134235.758:ERROR:process_memory_win.cc(73)] ReadMemory at 0x13ee0d2b0d0 of 512 bytes failed: Only part of a ReadProcessMemory or WriteProcessMemory request was completed. (0x12B)
[1028/134235.758:ERROR:process_memory_win.cc(73)] ReadMemory at 0x13ee0d2d3d8 of 512 bytes failed: Only part of a ReadProcessMemory or WriteProcessMemory request was completed. (0x12B)
[1028/134235.758:ERROR:process_memory_win.cc(73)] ReadMemory at 0x13ee0d2dbb8 of 512 bytes failed: Only part of a ReadProcessMemory or WriteProcessMemory request was completed. (0x12B)
[1028/134235.758:ERROR:process_memory_win.cc(73)] ReadMemory at 0x13ee0d2e548 of 512 bytes failed: Only part of a ReadProcessMemory or WriteProcessMemory request was completed. (0x12B)
[1028/134235.759:ERROR:process_memory_win.cc(73)] ReadMemory at 0x13ee0dd5af8 of 512 bytes failed: Only part of a ReadProcessMemory or WriteProcessMemory request was completed. (0x12B)
[1028/134235.759:ERROR:process_memory_win.cc(73)] ReadMemory at 0x13ee0dd7dc0 of 512 bytes failed: Only part of a ReadProcessMemory or WriteProcessMemory request was completed. (0x12B)
[1028/134235.820:ERROR:process_memory_win.cc(73)] ReadMemory at 0x13ee0ddbf10 of 512 bytes failed: Only part of a ReadProcessMemory or WriteProcessMemory request was completed. (0x12B)
[1028/134235.821:ERROR:process_memory_win.cc(73)] ReadMemory at 0x13ee2569050 of 512 bytes failed: Only part of a ReadProcessMemory or WriteProcessMemory request was completed. (0x12B)
[1028/134235.821:ERROR:process_memory_win.cc(73)] ReadMemory at 0x13ee25df130 of 512 bytes failed: Only part of a ReadProcessMemory or WriteProcessMemory request was completed. (0x12B)
[1028/134235.821:ERROR:process_memory_win.cc(73)] ReadMemory at 0x13ee2615bc0 of 512 bytes failed: Only part of a ReadProcessMemory or WriteProcessMemory request was completed. (0x12B)
[1028/134235.821:ERROR:process_memory_win.cc(73)] ReadMemory at 0x13ee29339e8 of 512 bytes failed: Only part of a ReadProcessMemory or WriteProcessMemory request was completed. (0x12B)
[1028/134235.821:ERROR:process_memory_win.cc(73)] ReadMemory at 0x13ee29f2340 of 512 bytes failed: Only part of a ReadProcessMemory or WriteProcessMemory request was completed. (0x12B)
[1028/134235.822:ERROR:process_memory_win.cc(73)] ReadMemory at 0x13ee30cff80 of 512 bytes failed: Only part of a ReadProcessMemory or WriteProcessMemory request was completed. (0x12B)
[1028/134235.822:ERROR:process_memory_win.cc(73)] ReadMemory at 0x7ff968d15810 of 512 bytes failed: Only part of a ReadProcessMemory or WriteProcessMemory request was completed. (0x12B)
[1028/134235.822:ERROR:process_memory_win.cc(73)] ReadMemory at 0x7ff968d15ed7 of 512 bytes failed: Only part of a ReadProcessMemory or WriteProcessMemory request was completed. (0x12B)
[1028/134235.822:ERROR:process_memory_win.cc(73)] ReadMemory at 0x7ff97337d99a of 512 bytes failed: Only part of a ReadProcessMemory or WriteProcessMemory request was completed. (0x12B)
[1028/134235.822:ERROR:process_memory_win.cc(73)] ReadMemory at 0x7ff97e0d1fd0 of 512 bytes failed: Only part of a ReadProcessMemory or WriteProcessMemory request was completed. (0x12B)
[1028/134235.822:ERROR:process_memory_win.cc(73)] ReadMemory at 0x7ff98001c0c4 of 672 bytes failed: Only part of a ReadProcessMemory or WriteProcessMemory request was completed. (0x12B)
[1028/134235.822:ERROR:process_memory_win.cc(73)] ReadMemory at 0x7ff98001f974 of 608 bytes failed: Only part of a ReadProcessMemory or WriteProcessMemory request was completed. (0x12B)
[1028/134235.822:ERROR:process_memory_win.cc(73)] ReadMemory at 0x7ff9800ac428 of 18 bytes failed: Only part of a ReadProcessMemory or WriteProcessMemory request was completed. (0x12B)
[1028/134235.822:ERROR:process_memory_win.cc(73)] ReadMemory at 0x7ff9800df4f8 of 40 bytes failed: Only part of a ReadProcessMemory or WriteProcessMemory request was completed. (0x12B)
[1028/134235.822:ERROR:process_memory_win.cc(73)] ReadMemory at 0x7ff9800df978 of 48 bytes failed: Only part of a ReadProcessMemory or WriteProcessMemory request was completed. (0x12B)
[1028/134235.822:ERROR:process_memory_win.cc(73)] ReadMemory at 0x7ff9800e53c0 of 64 bytes failed: Only part of a ReadProcessMemory or WriteProcessMemory request was completed. (0x12B)
[1028/134235.825:ERROR:filesystem_win.cc(129)] GetFileAttributes C:\Users\S.P\AppData\Local\Google\Chrome\User Data\Crashpad\attachments\9a515d56-4607-4754-9552-b205522cecbf: The system cannot find the path specified. (0x3)
[1028/134235.824:ERROR:scoped_process_suspend.cc(40)] NtResumeProcess: An attempt was made to access an exiting process. (0xc000010a)
[1028/134246.965:ERROR:http_transport_win.cc(276)] WinHttpSendRequest: The operation completed successfully. (0x0)
[1028/140738.415:ERROR:directory_reader_win.cc(43)] FindFirstFile: The system cannot find the path specified. (0x3)
[1028/142730.635:ERROR:directory_reader_win.cc(43)] FindFirstFile: The system cannot find the path specified. (0x3)
[1028/153153.106:ERROR:directory_reader_win.cc(43)] FindFirstFile: The system cannot find the path specified. (0x3)
[1028/225320.266:ERROR:directory_reader_win.cc(43)] FindFirstFile: The system cannot find the path specified. (0x3)
[1029/154548.536:ERROR:directory_reader_win.cc(43)] FindFirstFile: The system cannot find the path specified. (0x3)
[1101/140747.931:ERROR:directory_reader_win.cc(43)] FindFirstFile: The system cannot find the path specified. (0x3)
[1101/145941.814:ERROR:filesystem_win.cc(129)] GetFileAttributes C:\Users\S.P\AppData\Local\Google\Chrome\User Data\Crashpad\attachments\e973e95c-cec6-47ca-a3bd-a0aa0afb783d: The system cannot find the path specified. (0x3)
[1101/175918.484:ERROR:directory_reader_win.cc(43)] FindFirstFile: The system cannot find the path specified. (0x3)
[1101/184551.163:ERROR:filesystem_win.cc(129)] GetFileAttributes C:\Users\S.P\AppData\Local\Google\Chrome\User Data\Crashpad\attachments\21102685-4a02-498b-ad22-4bb9245af800: The system cannot find the path specified. (0x3)
[1101/230419.161:ERROR:directory_reader_win.cc(43)] FindFirstFile: The system cannot find the path specified. (0x3)
[1102/202039.287:ERROR:directory_reader_win.cc(43)] FindFirstFile: The system cannot find the path specified. (0x3)
[1103/021743.611:ERROR:directory_reader_win.cc(43)] FindFirstFile: The system cannot find the path specified. (0x3)
[1103/031600.966:ERROR:directory_reader_win.cc(43)] FindFirstFile: The system cannot find the path specified. (0x3)
[1103/132132.091:ERROR:directory_reader_win.cc(43)] FindFirstFile: The system cannot find the path specified. (0x3)
[1103/134833.235:ERROR:directory_reader_win.cc(43)] FindFirstFile: The system cannot find the path specified. (0x3)
[1103/181949.832:ERROR:directory_reader_win.cc(43)] FindFirstFile: The system cannot find the path specified. (0x3)
[1103/211215.862:ERROR:directory_reader_win.cc(43)] FindFirstFile: The system cannot find the path specified. (0x3)
[1103/222658.262:ERROR:directory_reader_win.cc(43)] FindFirstFile: The system cannot find the path specified. (0x3)
[1104/043659.187:ERROR:filesystem_win.cc(129)] GetFileAttributes C:\Users\S.P\AppData\Local\Google\Chrome\User Data\Crashpad\attachments\497d00e2-ff4f-4746-9818-20421c7231e9: The system cannot find the path specified. (0x3)
[1104/130142.763:ERROR:directory_reader_win.cc(43)] FindFirstFile: The system cannot find the path specified. (0x3)
[1104/200433.370:ERROR:directory_reader_win.cc(43)] FindFirstFile: The system cannot find the path specified. (0x3)
[1105/004012.603:ERROR:directory_reader_win.cc(43)] FindFirstFile: The system cannot find the path specified. (0x3)
[1105/005613.337:ERROR:filesystem_win.cc(129)] GetFileAttributes C:\Users\S.P\AppData\Local\Google\Chrome\User Data\Crashpad\attachments\1ca799ec-397a-44a9-b5d5-c6ca248f8096: The system cannot find the path specified. (0x3)
[1108/163141.465:ERROR:directory_reader_win.cc(43)] FindFirstFile: The system cannot find the path specified. (0x3)
[1108/165452.190:ERROR:directory_reader_win.cc(43)] FindFirstFile: The system cannot find the path specified. (0x3)
[1111/151509.382:ERROR:directory_reader_win.cc(43)] FindFirstFile: The system cannot find the path specified. (0x3)
[1111/162612.967:ERROR:directory_reader_win.cc(43)] FindFirstFile: The system cannot find the path specified. (0x3)
[1111/164757.157:ERROR:directory_reader_win.cc(43)] FindFirstFile: The system cannot find the path specified. (0x3)
[1111/170134.283:ERROR:directory_reader_win.cc(43)] FindFirstFile: The system cannot find the path specified. (0x3)
[1111/225933.308:ERROR:settings.cc(320)] Settings magic is not 1129342067
[1111/230933.342:ERROR:directory_reader_win.cc(43)] FindFirstFile: The system cannot find the path specified. (0x3)
[1201/133947.312:ERROR:directory_reader_win.cc(43)] FindFirstFile: The system cannot find the path specified. (0x3)
